[Elijahs-MacBook-Pro-3][[18567,0],0][btl_tcp_component.c:1021:mca_btl_tcp_component_create_listen] bind() failed: Operation not permitted (1)
Initializing simulator with configuration:
  Code distance: 3
  Rounds: 3
  Physical error: 0.001
  Measurement error: 0.001
  Reset error: 0.001
  Total shots: 1000
  Code type: rotated_memory_x
  MPI ranks: 1
Initializing DISTRIBUTED lattice surgery circuit:
  Mode: Seam-column merge, no merge data qubits, remote CX noise at QPU cut
  Code distance: 3
  Merge rounds: 3
Distributed lattice surgery layout:
  Distance: 3
  Total qubits: 35
  Data qubits: 18 (2 × 9 = 18)
  Patch ancillas: 14
  Merge ancillas: 3 (single column)
  No merge data qubits (remote CNOTs only)
  Patch A stabilizers: 7
  Patch B stabilizers: 7
  Merge stabilizers: 3
    Merge Z ancilla 16 at (3, 0) weight=2 [CROSS-BOUNDARY]
    Merge X ancilla 17 at (3, 1) weight=4 [CROSS-BOUNDARY]
    Merge Z ancilla 18 at (3, 2) weight=4 [CROSS-BOUNDARY]
  Cross-boundary stabilizers: 3
Distributed lattice surgery circuit generated:
  Total qubits: 35
  Data qubits: 18
  Detectors: 74
  Observables: 1
MWPM decoder initialized

===============================================
Simulation Complete
===============================================
Logical Error Rate: 0.509000
(509/1000)
Results written to: /Users/eli/dev/bucket_simulator/output/orchestrated_distributed_ls/results_20260207_145532.txt
