[Elijahs-MacBook-Pro-3][[320,0],0][btl_tcp_component.c:1021:mca_btl_tcp_component_create_listen] bind() failed: Operation not permitted (1)
Initializing simulator with configuration:
  Code distance: 5
  Rounds: 5
  Physical error: 0.001
  Measurement error: 0.001
  Reset error: 0.001
  Total shots: 1000
  Code type: rotated_memory_x
  MPI ranks: 1
Initializing DISTRIBUTED lattice surgery circuit:
  Mode: Seam-column merge, no merge data qubits, remote CX noise at QPU cut
  Code distance: 5
  Merge rounds: 5
Distributed lattice surgery layout:
  Distance: 5
  Total qubits: 97
  Data qubits: 50 (2 × 25 = 50)
  Patch ancillas: 42
  Merge ancillas: 5 (single column)
  No merge data qubits (remote CNOTs only)
  Patch A stabilizers: 21
  Patch B stabilizers: 21
  Merge stabilizers: 5
    Merge Z ancilla 46 at (5, 0) weight=2 [CROSS-BOUNDARY]
    Merge X ancilla 47 at (5, 1) weight=4 [CROSS-BOUNDARY]
    Merge Z ancilla 48 at (5, 2) weight=4 [CROSS-BOUNDARY]
    Merge X ancilla 49 at (5, 3) weight=4 [CROSS-BOUNDARY]
    Merge Z ancilla 50 at (5, 4) weight=4 [CROSS-BOUNDARY]
  Cross-boundary stabilizers: 5
Distributed lattice surgery circuit generated:
  Total qubits: 97
  Data qubits: 50
  Detectors: 312
  Observables: 1
MWPM decoder initialized

===============================================
Simulation Complete
===============================================
Logical Error Rate: 0.999000
(999/1000)
Results written to: /Users/eli/dev/bucket_simulator/output/orchestrated_distributed_ls/results_20260207_145532.txt
